<?xml version="1.0" encoding="UTF-8"?>
<testng-results ignored="0" total="2" passed="2" failed="0" skipped="0">
  <reporter-output>
  </reporter-output>
  <suite started-at="2024-12-26T20:12:53 IST" name="Default suite" finished-at="2024-12-26T20:12:58 IST" duration-ms="4438">
    <groups>
    </groups>
    <test started-at="2024-12-26T20:12:53 IST" name="Default test" finished-at="2024-12-26T20:12:58 IST" duration-ms="4438">
      <class name="sample.TestExample">
        <test-method signature="test_1()[pri:0, instance:sample.TestExample@2a3b5b47]" started-at="2024-12-26T20:12:53 IST" name="test_1" finished-at="2024-12-26T20:12:56 IST" duration-ms="3277" status="PASS">
          <reporter-output>
          </reporter-output>
        </test-method> <!-- test_1 -->
        <test-method signature="test_2()[pri:0, instance:sample.TestExample@2a3b5b47]" started-at="2024-12-26T20:12:56 IST" name="test_2" finished-at="2024-12-26T20:12:58 IST" duration-ms="1069" status="PASS">
          <reporter-output>
          </reporter-output>
        </test-method> <!-- test_2 -->
      </class> <!-- sample.TestExample -->
    </test> <!-- Default test -->
  </suite> <!-- Default suite -->
</testng-results>
