<?xml version="1.0" encoding="UTF-8"?>
<testng-results ignored="0" total="1" passed="1" failed="0" skipped="0">
  <reporter-output>
  </reporter-output>
  <suite started-at="2024-12-26T19:44:24 IST" name="Default suite" finished-at="2024-12-26T19:44:27 IST" duration-ms="3205">
    <groups>
    </groups>
    <test started-at="2024-12-26T19:44:24 IST" name="Default test" finished-at="2024-12-26T19:44:27 IST" duration-ms="3205">
      <class name="sample.TestExample">
        <test-method signature="test_1()[pri:0, instance:sample.TestExample@351d00c0]" started-at="2024-12-26T19:44:24 IST" name="test_1" finished-at="2024-12-26T19:44:27 IST" duration-ms="3054" status="PASS">
          <reporter-output>
          </reporter-output>
        </test-method> <!-- test_1 -->
      </class> <!-- sample.TestExample -->
    </test> <!-- Default test -->
  </suite> <!-- Default suite -->
</testng-results>
